#
# There is insufficient memory for the Java Runtime Environment to continue.
# Native memory allocation (malloc) failed to allocate 32744 bytes for ChunkPool::allocate
# Possible reasons:
#   The system is out of physical RAM or swap space
#   The process is running with CompressedOops enabled, and the Java Heap may be blocking the growth of the native heap
# Possible solutions:
#   Reduce memory load on the system
#   Increase physical memory or swap space
#   Check if swap backing store is full
#   Decrease Java heap size (-Xmx/-Xms)
#   Decrease number of Java threads
#   Decrease Java thread stack sizes (-Xss)
#   Set larger code cache with -XX:ReservedCodeCacheSize=
#   JVM is running with Zero Based Compressed Oops mode in which the Java heap is
#     placed in the first 32GB address space. The Java Heap base address is the
#     maximum limit for the native heap growth. Please use -XX:HeapBaseMinAddress
#     to set the Java Heap base and to place the Java Heap above 32GB virtual address.
# This output file may be truncated or incomplete.
#
#  Out of Memory Error (allocation.cpp:272), pid=2812, tid=0x000000000000356c
#
# JRE version: Java(TM) SE Runtime Environment (8.0_301-b09) (build 1.8.0_301-b09)
# Java VM: Java HotSpot(TM) 64-Bit Server VM (25.301-b09 mixed mode windows-amd64 compressed oops)
# Failed to write core dump. Minidumps are not enabled by default on client versions of Windows
#

---------------  T H R E A D  ---------------

Current thread (0x0000019c7a91b800):  JavaThread "C1 CompilerThread2" daemon [_thread_in_native, id=13676, stack(0x0000005e23600000,0x0000005e23700000)]

Stack: [0x0000005e23600000,0x0000005e23700000]
Native frames: (J=compiled Java code, j=interpreted, Vv=VM code, C=native code)
V  [jvm.dll+0x32ed79]


Current CompileTask:
C1:   2667  407       1      
[error occurred during error reporting (printing current compile task), id 0xe0000001]


---------------  P R O C E S S  ---------------

Java Threads: ( => current thread )
  0x0000019c7a91e800 JavaThread "Service Thread" daemon [_thread_blocked, id=13628, stack(0x0000005e23700000,0x0000005e23800000)]
=>0x0000019c7a91b800 JavaThread "C1 CompilerThread2" daemon [_thread_in_native, id=13676, stack(0x0000005e23600000,0x0000005e23700000)]
  0x0000019c7a8a8800 JavaThread "C2 CompilerThread1" daemon [_thread_blocked, id=9328, stack(0x0000005e23500000,0x0000005e23600000)]
  0x0000019c7a8a7800 JavaThread "C2 CompilerThread0" daemon [_thread_blocked, id=2936, stack(0x0000005e23400000,0x0000005e23500000)]
  0x0000019c7a842000 JavaThread "Monitor Ctrl-Break" daemon [_thread_in_native, id=1800, stack(0x0000005e23300000,0x0000005e23400000)]
  0x0000019c6f6ed000 JavaThread "Attach Listener" daemon [_thread_blocked, id=9620, stack(0x0000005e23200000,0x0000005e23300000)]
  0x0000019c7928b800 JavaThread "Signal Dispatcher" daemon [_thread_blocked, id=14772, stack(0x0000005e23100000,0x0000005e23200000)]
  0x0000019c6f6e0800 JavaThread "Finalizer" daemon [_thread_blocked, id=1912, stack(0x0000005e22f00000,0x0000005e23000000)]
  0x0000019c6f6da800 JavaThread "Reference Handler" daemon [_thread_blocked, id=1968, stack(0x0000005e22e00000,0x0000005e22f00000)]
  0x0000019c6f665800 JavaThread "main" [_thread_in_vm, id=2464, stack(0x0000005e22800000,0x0000005e22900000)]

Other Threads:
  0x0000019c79200000 VMThread [stack: 0x0000005e22d00000,0x0000005e22e00000] [id=11388]

VM state:not at safepoint (normal execution)

VM Mutex/Monitor currently owned by a thread: None

heap address: 0x0000000701c00000, size: 3044 MB, Compressed Oops mode: Zero based, Oop shift amount: 3
Narrow klass base: 0x0000000000000000, Narrow klass shift: 3
Compressed class space size: 1073741824 Address: 0x00000007c0000000

Heap:
 PSYoungGen      total 57344K, used 11942K [0x0000000780980000, 0x0000000784980000, 0x00000007c0000000)
  eden space 49152K, 24% used [0x0000000780980000,0x0000000781529890,0x0000000783980000)
  from space 8192K, 0% used [0x0000000784180000,0x0000000784180000,0x0000000784980000)
  to   space 8192K, 0% used [0x0000000783980000,0x0000000783980000,0x0000000784180000)
 ParOldGen       total 131072K, used 0K [0x0000000701c00000, 0x0000000709c00000, 0x0000000780980000)
  object space 131072K, 0% used [0x0000000701c00000,0x0000000701c00000,0x0000000709c00000)
 Metaspace       used 6707K, capacity 6788K, committed 7040K, reserved 1056768K
  class space    used 799K, capacity 825K, committed 896K, reserved 1048576K

Card table byte_map: [0x0000019c71810000,0x0000019c71e10000] byte_map_base: 0x0000019c6e002000

Marking Bits: (ParMarkBitMap*) 0x0000000051c97fe0
 Begin Bits: [0x0000019c72210000, 0x0000019c751a0000)
 End Bits:   [0x0000019c751a0000, 0x0000019c78130000)

Polling page: 0x0000019c6f5d0000

CodeCache: size=245760Kb used=1649Kb max_used=1649Kb free=244110Kb
 bounds [0x0000019c00000000, 0x0000019c00270000, 0x0000019c0f000000]
 total_blobs=739 nmethods=408 adapters=244
 compilation: enabled

Compilation events (10 events):
Event: 2.650 Thread 0x0000019c7a91b800 nmethod 400 0x0000019c0019ad10 code [0x0000019c0019ae60, 0x0000019c0019afb0]
Event: 2.650 Thread 0x0000019c7a91b800  401       1       java.lang.invoke.MemberName::getInvocationType (56 bytes)
Event: 2.651 Thread 0x0000019c7a91b800 nmethod 401 0x0000019c0019b010 code [0x0000019c0019b1a0, 0x0000019c0019b510]
Event: 2.651 Thread 0x0000019c7a91b800  403       1       java.util.Arrays::equals (78 bytes)
Event: 2.651 Thread 0x0000019c7a91b800 nmethod 403 0x0000019c0019b810 code [0x0000019c0019b980, 0x0000019c0019bbb0]
Event: 2.651 Thread 0x0000019c7a91b800  404       1       java.lang.invoke.MethodHandle::type (5 bytes)
Event: 2.651 Thread 0x0000019c7a91b800 nmethod 404 0x0000019c0019bcd0 code [0x0000019c0019be20, 0x0000019c0019bf38]
Event: 2.651 Thread 0x0000019c7a91b800  402       1       java.lang.ref.SoftReference::<init> (13 bytes)
Event: 2.651 Thread 0x0000019c7a91b800 nmethod 402 0x0000019c0019bf90 code [0x0000019c0019c0e0, 0x0000019c0019c258]
Event: 2.651 Thread 0x0000019c7a91b800  407       1       jdk.internal.org.objectweb.asm.Frame::execute (2252 bytes)

GC Heap History (0 events):
No events

Deoptimization events (0 events):
No events

Classes redefined (0 events):
No events

Internal exceptions (10 events):
Event: 1.437 Thread 0x0000019c6f665800 Exception <a 'java/lang/ArrayIndexOutOfBoundsException'> (0x0000000781222778) thrown at [C:\jenkins\workspace\8-2-build-windows-amd64-cygwin\jdk8u301\1513\hotspot\src\share\vm\runtime\sharedRuntime.cpp, line 609]
Event: 1.437 Thread 0x0000019c6f665800 Exception <a 'java/lang/ArrayIndexOutOfBoundsException'> (0x0000000781223e18) thrown at [C:\jenkins\workspace\8-2-build-windows-amd64-cygwin\jdk8u301\1513\hotspot\src\share\vm\runtime\sharedRuntime.cpp, line 609]
Event: 1.438 Thread 0x0000019c6f665800 Exception <a 'java/lang/ArrayIndexOutOfBoundsException'> (0x00000007812267a0) thrown at [C:\jenkins\workspace\8-2-build-windows-amd64-cygwin\jdk8u301\1513\hotspot\src\share\vm\runtime\sharedRuntime.cpp, line 609]
Event: 1.446 Thread 0x0000019c6f665800 Exception <a 'java/lang/ArrayIndexOutOfBoundsException'> (0x0000000781253460) thrown at [C:\jenkins\workspace\8-2-build-windows-amd64-cygwin\jdk8u301\1513\hotspot\src\share\vm\runtime\sharedRuntime.cpp, line 609]
Event: 1.454 Thread 0x0000019c6f665800 Exception <a 'java/lang/ArrayIndexOutOfBoundsException'> (0x0000000781273c90) thrown at [C:\jenkins\workspace\8-2-build-windows-amd64-cygwin\jdk8u301\1513\hotspot\src\share\vm\runtime\sharedRuntime.cpp, line 609]
Event: 1.491 Thread 0x0000019c6f665800 Exception <a 'java/security/PrivilegedActionException'> (0x00000007812ca658) thrown at [C:\jenkins\workspace\8-2-build-windows-amd64-cygwin\jdk8u301\1513\hotspot\src\share\vm\prims\jvm.cpp, line 1523]
Event: 1.491 Thread 0x0000019c6f665800 Exception <a 'java/security/PrivilegedActionException'> (0x00000007812ca868) thrown at [C:\jenkins\workspace\8-2-build-windows-amd64-cygwin\jdk8u301\1513\hotspot\src\share\vm\prims\jvm.cpp, line 1523]
Event: 1.493 Thread 0x0000019c6f665800 Exception <a 'java/security/PrivilegedActionException'> (0x00000007812cd4c8) thrown at [C:\jenkins\workspace\8-2-build-windows-amd64-cygwin\jdk8u301\1513\hotspot\src\share\vm\prims\jvm.cpp, line 1523]
Event: 1.493 Thread 0x0000019c6f665800 Exception <a 'java/security/PrivilegedActionException'> (0x00000007812cd6d8) thrown at [C:\jenkins\workspace\8-2-build-windows-amd64-cygwin\jdk8u301\1513\hotspot\src\share\vm\prims\jvm.cpp, line 1523]
Event: 2.558 Thread 0x0000019c6f665800 Exception <a 'java/lang/ClassNotFoundException': javax/management/remote/rmi/RMIJRMPServerImpl$ExportedWrapper_Stub> (0x00000007813bd258) thrown at [C:\jenkins\workspace\8-2-build-windows-amd64-cygwin\jdk8u301\1513\hotspot\src\share\vm\classfile\systemDic

Events (10 events):
Event: 2.628 loading class java/lang/invoke/MethodHandleImpl$AsVarargsCollector
Event: 2.628 loading class java/lang/invoke/DelegatingMethodHandle
Event: 2.628 loading class java/lang/invoke/DelegatingMethodHandle done
Event: 2.628 loading class java/lang/invoke/MethodHandleImpl$AsVarargsCollector done
Event: 2.630 loading class java/lang/invoke/WrongMethodTypeException
Event: 2.630 loading class java/lang/invoke/WrongMethodTypeException done
Event: 2.633 loading class java/lang/invoke/MethodHandleImpl$Lazy
Event: 2.633 loading class java/lang/invoke/MethodHandleImpl$Lazy done
Event: 2.633 loading class java/lang/invoke/MethodHandleImpl$IntrinsicMethodHandle
Event: 2.633 loading class java/lang/invoke/MethodHandleImpl$IntrinsicMethodHandle done


Dynamic libraries:
0x00007ff650310000 - 0x00007ff650357000 	D:\Software\JavaTool\jdk-8u301\bin\java.exe
0x00007ffec0310000 - 0x00007ffec0508000 	C:\WINDOWS\SYSTEM32\ntdll.dll
0x00007ffebec30000 - 0x00007ffebeced000 	C:\WINDOWS\System32\KERNEL32.DLL
0x00007ffebdf30000 - 0x00007ffebe1fe000 	C:\WINDOWS\System32\KERNELBASE.dll
0x00007ffec00e0000 - 0x00007ffec018e000 	C:\WINDOWS\System32\ADVAPI32.dll
0x00007ffebf4a0000 - 0x00007ffebf53e000 	C:\WINDOWS\System32\msvcrt.dll
0x00007ffebfbb0000 - 0x00007ffebfc4c000 	C:\WINDOWS\System32\sechost.dll
0x00007ffebeb00000 - 0x00007ffebec25000 	C:\WINDOWS\System32\RPCRT4.dll
0x00007ffebf540000 - 0x00007ffebf6e0000 	C:\WINDOWS\System32\USER32.dll
0x00007ffebda80000 - 0x00007ffebdaa2000 	C:\WINDOWS\System32\win32u.dll
0x00007ffebe980000 - 0x00007ffebe9aa000 	C:\WINDOWS\System32\GDI32.dll
0x00007ffebdab0000 - 0x00007ffebdbbb000 	C:\WINDOWS\System32\gdi32full.dll
0x00007ffebdd30000 - 0x00007ffebddcd000 	C:\WINDOWS\System32\msvcp_win.dll
0x00007ffebe270000 - 0x00007ffebe370000 	C:\WINDOWS\System32\ucrtbase.dll
0x00007ffeab340000 - 0x00007ffeab5da000 	C:\WINDOWS\WinSxS\amd64_microsoft.windows.common-controls_6595b64144ccf1df_6.0.19041.1110_none_60b5254171f9507e\COMCTL32.dll
0x00007ffebecf0000 - 0x00007ffebed20000 	C:\WINDOWS\System32\IMM32.DLL
0x0000000054080000 - 0x000000005408c000 	C:\Program Files (x86)\360\360Safe\safemon\SafeWrapper.dll
0x00007ffea77d0000 - 0x00007ffea7862000 	C:\Program Files (x86)\360\360Safe\safemon\libzdtp64.dll
0x00007ffebed50000 - 0x00007ffebf494000 	C:\WINDOWS\System32\SHELL32.dll
0x00007ffebfaa0000 - 0x00007ffebfaf5000 	C:\WINDOWS\System32\SHLWAPI.dll
0x00007ffebd5c0000 - 0x00007ffebd5ca000 	C:\WINDOWS\SYSTEM32\VERSION.dll
0x00007ffeaa160000 - 0x00007ffeaa175000 	D:\Software\JavaTool\jdk-8u301\jre\bin\vcruntime140.dll
0x00007ffe8e860000 - 0x00007ffe8e8fb000 	D:\Software\JavaTool\jdk-8u301\jre\bin\msvcp140.dll
0x00000000514b0000 - 0x0000000051d10000 	D:\Software\JavaTool\jdk-8u301\jre\bin\server\jvm.dll
0x00007ffebe970000 - 0x00007ffebe978000 	C:\WINDOWS\System32\PSAPI.DLL
0x00007ffeb9420000 - 0x00007ffeb9429000 	C:\WINDOWS\SYSTEM32\WSOCK32.dll
0x00007ffeab7a0000 - 0x00007ffeab7c7000 	C:\WINDOWS\SYSTEM32\WINMM.dll
0x00007ffebfc50000 - 0x00007ffebfcbb000 	C:\WINDOWS\System32\WS2_32.dll
0x00007ffebc250000 - 0x00007ffebc262000 	C:\WINDOWS\SYSTEM32\kernel.appcore.dll
0x00007ffeaa4f0000 - 0x00007ffeaa500000 	D:\Software\JavaTool\jdk-8u301\jre\bin\verify.dll
0x00007ffea93a0000 - 0x00007ffea93cb000 	D:\Software\JavaTool\jdk-8u301\jre\bin\java.dll
0x00007ffe9f7e0000 - 0x00007ffe9f810000 	D:\Software\JavaTool\jdk-8u301\jre\bin\instrument.dll
0x00007ffea8a30000 - 0x00007ffea8a48000 	D:\Software\JavaTool\jdk-8u301\jre\bin\zip.dll
0x00007ffebb700000 - 0x00007ffebbe94000 	C:\WINDOWS\SYSTEM32\windows.storage.dll
0x00007ffebf740000 - 0x00007ffebfa94000 	C:\WINDOWS\System32\combase.dll
0x00007ffebd420000 - 0x00007ffebd450000 	C:\WINDOWS\SYSTEM32\Wldp.dll
0x00007ffec0220000 - 0x00007ffec02cd000 	C:\WINDOWS\System32\SHCORE.dll
0x00007ffebd970000 - 0x00007ffebd98f000 	C:\WINDOWS\SYSTEM32\profapi.dll
0x00007ffea14e0000 - 0x00007ffea14fa000 	D:\Software\JavaTool\IntelliJ IDEA 2019.3.3\bin\breakgen64.dll
0x00007ffea6f70000 - 0x00007ffea6f8c000 	D:\Software\JavaTool\jdk-8u301\jre\bin\net.dll
0x00007ffebd180000 - 0x00007ffebd1ea000 	C:\WINDOWS\system32\mswsock.dll
0x00007ffebce70000 - 0x00007ffebcf3b000 	C:\WINDOWS\SYSTEM32\DNSAPI.dll
0x00007ffebce20000 - 0x00007ffebce5b000 	C:\WINDOWS\SYSTEM32\IPHLPAPI.DLL
0x00007ffebed40000 - 0x00007ffebed48000 	C:\WINDOWS\System32\NSI.dll
0x0000000054050000 - 0x0000000054076000 	C:\Program Files\Bonjour\mdnsNSP.dll
0x00007ffeace70000 - 0x00007ffeace7a000 	C:\Windows\System32\rasadhlp.dll
0x00007ffeacee0000 - 0x00007ffeacf60000 	C:\WINDOWS\System32\fwpuclnt.dll
0x00007ffebdd00000 - 0x00007ffebdd27000 	C:\WINDOWS\System32\bcrypt.dll
0x00007ffeaa150000 - 0x00007ffeaa15d000 	D:\Software\JavaTool\jdk-8u301\jre\bin\management.dll
0x00007ffea64c0000 - 0x00007ffea64d3000 	D:\Software\JavaTool\jdk-8u301\jre\bin\nio.dll
0x00007ffebd370000 - 0x00007ffebd388000 	C:\WINDOWS\SYSTEM32\CRYPTSP.dll
0x00007ffebca90000 - 0x00007ffebcac4000 	C:\WINDOWS\system32\rsaenh.dll
0x00007ffebd8f0000 - 0x00007ffebd91e000 	C:\WINDOWS\SYSTEM32\USERENV.dll
0x00007ffebdc70000 - 0x00007ffebdcf2000 	C:\WINDOWS\System32\bcryptprimitives.dll
0x00007ffebd390000 - 0x00007ffebd39c000 	C:\WINDOWS\SYSTEM32\CRYPTBASE.dll
0x00007ffeb5e70000 - 0x00007ffeb5e87000 	C:\WINDOWS\SYSTEM32\dhcpcsvc6.DLL
0x00007ffeb5e20000 - 0x00007ffeb5e3d000 	C:\WINDOWS\SYSTEM32\dhcpcsvc.DLL
0x00007ffea0680000 - 0x00007ffea0697000 	C:\WINDOWS\system32\napinsp.dll
0x00007ffea0660000 - 0x00007ffea067b000 	C:\WINDOWS\system32\pnrpnsp.dll
0x00007ffea0640000 - 0x00007ffea0655000 	C:\WINDOWS\system32\wshbth.dll
0x00007ffeb9400000 - 0x00007ffeb941d000 	C:\WINDOWS\system32\NLAapi.dll
0x00007ffea0620000 - 0x00007ffea0632000 	C:\WINDOWS\System32\winrnr.dll

VM Arguments:
jvm_args: -XX:TieredStopAtLevel=1 -Xverify:none -Dspring.output.ansi.enabled=always -Dcom.sun.management.jmxremote -Dspring.jmx.enabled=true -Dspring.liveBeansView.mbeanDomain -Dspring.application.admin.enabled=true -javaagent:D:\Software\JavaTool\IntelliJ IDEA 2019.3.3\lib\idea_rt.jar=57302:D:\Software\JavaTool\IntelliJ IDEA 2019.3.3\bin -Dfile.encoding=UTF-8 
java_command: com.changgou.EurekaApplication
java_class_path (initial): D:\Software\JavaTool\jdk-8u301\jre\lib\charsets.jar;D:\Software\JavaTool\jdk-8u301\jre\lib\deploy.jar;D:\Software\JavaTool\jdk-8u301\jre\lib\ext\access-bridge-64.jar;D:\Software\JavaTool\jdk-8u301\jre\lib\ext\cldrdata.jar;D:\Software\JavaTool\jdk-8u301\jre\lib\ext\dnsns.jar;D:\Software\JavaTool\jdk-8u301\jre\lib\ext\jaccess.jar;D:\Software\JavaTool\jdk-8u301\jre\lib\ext\jfxrt.jar;D:\Software\JavaTool\jdk-8u301\jre\lib\ext\localedata.jar;D:\Software\JavaTool\jdk-8u301\jre\lib\ext\nashorn.jar;D:\Software\JavaTool\jdk-8u301\jre\lib\ext\sunec.jar;D:\Software\JavaTool\jdk-8u301\jre\lib\ext\sunjce_provider.jar;D:\Software\JavaTool\jdk-8u301\jre\lib\ext\sunmscapi.jar;D:\Software\JavaTool\jdk-8u301\jre\lib\ext\sunpkcs11.jar;D:\Software\JavaTool\jdk-8u301\jre\lib\ext\zipfs.jar;D:\Software\JavaTool\jdk-8u301\jre\lib\javaws.jar;D:\Software\JavaTool\jdk-8u301\jre\lib\jce.jar;D:\Software\JavaTool\jdk-8u301\jre\lib\jfr.jar;D:\Software\JavaTool\jdk-8u301\jre\lib\jfxswt.jar;D:\Software\JavaTool\jdk-8u301\jre\lib\jsse.jar;D:\Software\JavaTool\jdk-8u301\jre\lib\management-agent.jar;D:\Software\JavaTool\jdk-8u301\jre\lib\plugin.jar;D:\Software\JavaTool\jdk-8u301\jre\lib\resources.jar;D:\Software\JavaTool\jdk-8u301\jre\lib\rt.jar;F:\编程学习\Java黑马15800\2.畅购商城\01-框架搭建\代码\changgou\changgou-parent\changgou-eureka\target\classes;C:\Users\Administrator\.m2\repository\org\springframework\cloud\spring-cloud-starter-netflix-eureka-server\2.1.1.RELEASE\spring-cloud-starter-netflix-eureka-server-2.1.1.RELEASE.jar;C:\Users\Administrator\.m2\repository\org\springframework\cloud\spring-cloud-starter\2.1.1.RELEASE\spring-cloud-starter-2.1.1.RELEASE.jar;C:\Users\Administrator\.m2\repository\org\springframework\cloud\spring-cloud-context\2.1.1.RELEASE\spring-cloud-context-2.1.1.RELEASE.jar;C:\Users\Administrator\.m2\repository\org\springframework\security\spring-security-crypto\5.1.5.RELEASE\spring-security-crypto-5.1.5.RELEASE.jar;C:\Users\Administrator\.m2\r
Launcher Type: SUN_STANDARD

Environment Variables:
JAVA_HOME=D:\Software\JavaTool\jdk11.0.1
PATH=D:\Software\Python38-32\Scripts\;D:\Software\Python38-32\;C:\Program Files (x86)\Common Files\Oracle\Java\javapath;D:\Software\Ruby\Ruby26-x64\bin;D:\Software\oracle11\app\Administrator\product\11.1.0\db_1\bin;C:\WINDOWS\system32;C:\WINDOWS;C:\WINDOWS\System32\Wbem;C:\WINDOWS\System32\WindowsPowerShell\v1.0\;C:\WINDOWS\System32\OpenSSH\;C:\Program Files\Microsoft\Web Platform Installer\;C:\Program Files (x86)\Microsoft ASP.NET\ASP.NET Web Pages\v1.0\;D:\Software\Microsoft SQL Server 2008R2\86Microsoft SQL Server\100\Tools\Binn\;D:\Software\Microsoft SQL Server 2008R2\Microsoft SQL Server\100\Tools\Binn\;D:\Software\Microsoft SQL Server 2008R2\Microsoft SQL Server\100\DTS\Binn\;D:\Software\Microsoft SQL Server 2008R2\86Microsoft SQL Server\100\Tools\Binn\VSShell\Common7\IDE\;C:\Program Files (x86)\Microsoft Visual Studio 9.0\Common7\IDE\PrivateAssemblies\;D:\Software\Microsoft SQL Server 2008R2\86Microsoft SQL Server\100\DTS\Binn\;C:\Program Files\Microsoft SQL Server\110\Tools\Binn\;D:\Software\MySQL Server 5.6\bin;D:\Software\JavaTool\jdk11.0.1\bin;D:\Software\JavaTool\apache-maven-3.6.3\BIN;D:\Software\Git-2.31.1-64-bit\cmd;D:\Software\JavaTool\node-v14.16.1\;D:\Software\MySQL Server 5.7\bin;C:\strawberry\c\bin;C:\strawberry\perl\bin;C:\Program Files\TortoiseGit\bin;D:\Software\Python38-32\Scripts\;D:\Software\Python38-32\;C:\Users\Administrator\AppData\Local\Microsoft\WindowsApps;C:\Users\Administrator\AppData\Roaming\npm;D:\Software\Microsoft VS Code\bin;;D:\Software\APICloud Studio 3\bin
USERNAME=Administrator
OS=Windows_NT
PROCESSOR_IDENTIFIER=Intel64 Family 6 Model 142 Stepping 9, GenuineIntel



---------------  S Y S T E M  ---------------

OS: Windows 10.0 , 64 bit Build 19041 (10.0.19041.1806)

CPU:total 4 (initial active 4) (2 cores per cpu, 2 threads per core) family 6 model 142 stepping 9, cmov, cx8, fxsr, mmx, sse, sse2, sse3, ssse3, sse4.1, sse4.2, popcnt, avx, avx2, aes, clmul, erms, 3dnowpref, lzcnt, ht, tsc, tscinvbit, bmi1, bmi2, adx

Memory: 4k page, physical 12463124k(904156k free), swap 12463124k(3060k free)

vm_info: Java HotSpot(TM) 64-Bit Server VM (25.301-b09) for windows-amd64 JRE (1.8.0_301-b09), built on Jun  9 2021 06:46:21 by "java_re" with MS VC++ 15.9 (VS2017)

time: Mon Jul 25 16:31:39 2022
timezone: 中国标准时间
elapsed time: 2.691535 seconds (0d 0h 0m 2s)

