#
# There is insufficient memory for the Java Runtime Environment to continue.
# Native memory allocation (malloc) failed to allocate 1048576 bytes for AllocateHeap
# Possible reasons:
#   The system is out of physical RAM or swap space
#   The process is running with CompressedOops enabled, and the Java Heap may be blocking the growth of the native heap
# Possible solutions:
#   Reduce memory load on the system
#   Increase physical memory or swap space
#   Check if swap backing store is full
#   Decrease Java heap size (-Xmx/-Xms)
#   Decrease number of Java threads
#   Decrease Java thread stack sizes (-Xss)
#   Set larger code cache with -XX:ReservedCodeCacheSize=
#   JVM is running with Zero Based Compressed Oops mode in which the Java heap is
#     placed in the first 32GB address space. The Java Heap base address is the
#     maximum limit for the native heap growth. Please use -XX:HeapBaseMinAddress
#     to set the Java Heap base and to place the Java Heap above 32GB virtual address.
# This output file may be truncated or incomplete.
#
#  Out of Memory Error (memory/allocation.inline.hpp:61), pid=5872, tid=0x0000000000002a58
#
# JRE version:  (8.0_301-b09) (build )
# Java VM: Java HotSpot(TM) 64-Bit Server VM (25.301-b09 mixed mode windows-amd64 compressed oops)
# Failed to write core dump. Minidumps are not enabled by default on client versions of Windows
#

---------------  T H R E A D  ---------------

Current thread (0x0000027b2e7b7800):  JavaThread "Unknown thread" [_thread_in_vm, id=10840, stack(0x000000cba5d00000,0x000000cba5e00000)]

Stack: [0x000000cba5d00000,0x000000cba5e00000]
Native frames: (J=compiled Java code, j=interpreted, Vv=VM code, C=native code)
V  [jvm.dll+0x32ed79]


---------------  P R O C E S S  ---------------

Java Threads: ( => current thread )

Other Threads:

=>0x0000027b2e7b7800 (exited) JavaThread "Unknown thread" [_thread_in_vm, id=10840, stack(0x000000cba5d00000,0x000000cba5e00000)]

VM state:not at safepoint (normal execution)

VM Mutex/Monitor currently owned by a thread: None

heap address: 0x0000000701c00000, size: 3044 MB, Compressed Oops mode: Zero based, Oop shift amount: 3
Narrow klass base: 0x0000000000000000, Narrow klass shift: 3
Compressed class space size: 1073741824 Address: 0x00000007c0000000

Heap:
 PSYoungGen      total 57344K, used 983K [0x0000000780980000, 0x0000000784980000, 0x00000007c0000000)
  eden space 49152K, 2% used [0x0000000780980000,0x0000000780a75c38,0x0000000783980000)
  from space 8192K, 0% used [0x0000000784180000,0x0000000784180000,0x0000000784980000)
  to   space 8192K, 0% used [0x0000000783980000,0x0000000783980000,0x0000000784180000)
 ParOldGen       total 131072K, used 0K [0x0000000701c00000, 0x0000000709c00000, 0x0000000780980000)
  object space 131072K, 0% used [0x0000000701c00000,0x0000000701c00000,0x0000000709c00000)
 Metaspace       used 778K, capacity 4480K, committed 4480K, reserved 1056768K
  class space    used 76K, capacity 384K, committed 384K, reserved 1048576K

Card table byte_map: [0x0000027b3fac0000,0x0000027b400c0000] byte_map_base: 0x0000027b3c2b2000

Marking Bits: (ParMarkBitMap*) 0x000000006dd27fe0
 Begin Bits: [0x0000027b404c0000, 0x0000027b43450000)
 End Bits:   [0x0000027b43450000, 0x0000027b463e0000)

Polling page: 0x0000027b2e990000

CodeCache: size=245760Kb used=328Kb max_used=328Kb free=245431Kb
 bounds [0x0000027b30700000, 0x0000027b30970000, 0x0000027b3f700000]
 total_blobs=58 nmethods=0 adapters=38
 compilation: enabled

Compilation events (0 events):
No events

GC Heap History (0 events):
No events

Deoptimization events (0 events):
No events

Classes redefined (0 events):
No events

Internal exceptions (0 events):
No events

Events (10 events):
Event: 0.044 loading class java/lang/Short
Event: 0.044 loading class java/lang/Short done
Event: 0.044 loading class java/lang/Integer
Event: 0.044 loading class java/lang/Integer done
Event: 0.044 loading class java/lang/Long
Event: 0.044 loading class java/lang/Long done
Event: 0.045 loading class java/lang/NullPointerException
Event: 0.045 loading class java/lang/NullPointerException done
Event: 0.045 loading class java/lang/ArithmeticException
Event: 0.045 loading class java/lang/ArithmeticException done


Dynamic libraries:
0x00007ff7ff3a0000 - 0x00007ff7ff3e7000 	D:\Software\JavaTool\jdk-8u301\bin\java.exe
0x00007ffc10ad0000 - 0x00007ffc10cc8000 	C:\WINDOWS\SYSTEM32\ntdll.dll
0x00007ffc108b0000 - 0x00007ffc1096d000 	C:\WINDOWS\System32\KERNEL32.DLL
0x00007ffc0e470000 - 0x00007ffc0e73e000 	C:\WINDOWS\System32\KERNELBASE.dll
0x00007ffc109e0000 - 0x00007ffc10a8e000 	C:\WINDOWS\System32\ADVAPI32.dll
0x00007ffc0fbe0000 - 0x00007ffc0fc7e000 	C:\WINDOWS\System32\msvcrt.dll
0x00007ffc0faa0000 - 0x00007ffc0fb3c000 	C:\WINDOWS\System32\sechost.dll
0x00007ffc0ff80000 - 0x00007ffc100a5000 	C:\WINDOWS\System32\RPCRT4.dll
0x00007ffc0f280000 - 0x00007ffc0f420000 	C:\WINDOWS\System32\USER32.dll
0x00007ffc0e8d0000 - 0x00007ffc0e8f2000 	C:\WINDOWS\System32\win32u.dll
0x00007ffc0f580000 - 0x00007ffc0f5aa000 	C:\WINDOWS\System32\GDI32.dll
0x00007ffc0e310000 - 0x00007ffc0e41b000 	C:\WINDOWS\System32\gdi32full.dll
0x00007ffc0e900000 - 0x00007ffc0e99d000 	C:\WINDOWS\System32\msvcp_win.dll
0x00007ffc0e740000 - 0x00007ffc0e840000 	C:\WINDOWS\System32\ucrtbase.dll
0x00007ffbfba20000 - 0x00007ffbfbcba000 	C:\WINDOWS\WinSxS\amd64_microsoft.windows.common-controls_6595b64144ccf1df_6.0.19041.1110_none_60b5254171f9507e\COMCTL32.dll
0x00007ffc0f550000 - 0x00007ffc0f580000 	C:\WINDOWS\System32\IMM32.DLL
0x00000000700c0000 - 0x00000000700cc000 	C:\Program Files (x86)\360\360Safe\safemon\SafeWrapper.dll
0x00007ffbf7f30000 - 0x00007ffbf7fc2000 	C:\Program Files (x86)\360\360Safe\safemon\libzdtp64.dll
0x00007ffc0eb30000 - 0x00007ffc0f274000 	C:\WINDOWS\System32\SHELL32.dll
0x00007ffc0fa30000 - 0x00007ffc0fa85000 	C:\WINDOWS\System32\SHLWAPI.dll
0x00007ffc0dd80000 - 0x00007ffc0dd8a000 	C:\WINDOWS\SYSTEM32\VERSION.dll
0x00007ffbf9040000 - 0x00007ffbf9055000 	D:\Software\JavaTool\jdk-8u301\jre\bin\vcruntime140.dll
0x00007ffbe1590000 - 0x00007ffbe162b000 	D:\Software\JavaTool\jdk-8u301\jre\bin\msvcp140.dll
0x000000006d540000 - 0x000000006dda0000 	D:\Software\JavaTool\jdk-8u301\jre\bin\server\jvm.dll
0x00007ffc0fbd0000 - 0x00007ffc0fbd8000 	C:\WINDOWS\System32\PSAPI.DLL
0x00007ffc09d00000 - 0x00007ffc09d09000 	C:\WINDOWS\SYSTEM32\WSOCK32.dll
0x00007ffbfbe70000 - 0x00007ffbfbe97000 	C:\WINDOWS\SYSTEM32\WINMM.dll
0x00007ffc10970000 - 0x00007ffc109db000 	C:\WINDOWS\System32\WS2_32.dll
0x00007ffc0ca10000 - 0x00007ffc0ca22000 	C:\WINDOWS\SYSTEM32\kernel.appcore.dll
0x00007ffbf9c50000 - 0x00007ffbf9c60000 	D:\Software\JavaTool\jdk-8u301\jre\bin\verify.dll
0x00007ffbf8170000 - 0x00007ffbf819b000 	D:\Software\JavaTool\jdk-8u301\jre\bin\java.dll
0x00007ffbebaa0000 - 0x00007ffbebad0000 	D:\Software\JavaTool\jdk-8u301\jre\bin\instrument.dll
0x00007ffbf8150000 - 0x00007ffbf8168000 	D:\Software\JavaTool\jdk-8u301\jre\bin\zip.dll

VM Arguments:
jvm_args: -javaagent:D:\Software\JavaTool\IntelliJ IDEA 2019.3.3\lib\idea_rt.jar=61959:D:\Software\JavaTool\IntelliJ IDEA 2019.3.3\bin -Dfile.encoding=UTF-8 
java_command: com.changgou.util.FastDFSUtil
java_class_path (initial): D:\Software\JavaTool\jdk-8u301\jre\lib\charsets.jar;D:\Software\JavaTool\jdk-8u301\jre\lib\deploy.jar;D:\Software\JavaTool\jdk-8u301\jre\lib\ext\access-bridge-64.jar;D:\Software\JavaTool\jdk-8u301\jre\lib\ext\cldrdata.jar;D:\Software\JavaTool\jdk-8u301\jre\lib\ext\dnsns.jar;D:\Software\JavaTool\jdk-8u301\jre\lib\ext\jaccess.jar;D:\Software\JavaTool\jdk-8u301\jre\lib\ext\jfxrt.jar;D:\Software\JavaTool\jdk-8u301\jre\lib\ext\localedata.jar;D:\Software\JavaTool\jdk-8u301\jre\lib\ext\nashorn.jar;D:\Software\JavaTool\jdk-8u301\jre\lib\ext\sunec.jar;D:\Software\JavaTool\jdk-8u301\jre\lib\ext\sunjce_provider.jar;D:\Software\JavaTool\jdk-8u301\jre\lib\ext\sunmscapi.jar;D:\Software\JavaTool\jdk-8u301\jre\lib\ext\sunpkcs11.jar;D:\Software\JavaTool\jdk-8u301\jre\lib\ext\zipfs.jar;D:\Software\JavaTool\jdk-8u301\jre\lib\javaws.jar;D:\Software\JavaTool\jdk-8u301\jre\lib\jce.jar;D:\Software\JavaTool\jdk-8u301\jre\lib\jfr.jar;D:\Software\JavaTool\jdk-8u301\jre\lib\jfxswt.jar;D:\Software\JavaTool\jdk-8u301\jre\lib\jsse.jar;D:\Software\JavaTool\jdk-8u301\jre\lib\management-agent.jar;D:\Software\JavaTool\jdk-8u301\jre\lib\plugin.jar;D:\Software\JavaTool\jdk-8u301\jre\lib\resources.jar;D:\Software\JavaTool\jdk-8u301\jre\lib\rt.jar;F:\编程学习\Java黑马15800\2.畅购商城\01-框架搭建\代码\changgou\changgou-parent\changgou-service\changgou-service-file\target\classes;C:\Users\Administrator\.m2\repository\net\oschina\zcx7878\fastdfs-client-java\1.27.0.0\fastdfs-client-java-1.27.0.0.jar;F:\编程学习\Java黑马15800\2.畅购商城\01-框架搭建\代码\changgou\changgou-parent\changgou-common\target\classes;C:\Users\Administrator\.m2\repository\org\springframework\boot\spring-boot-starter-web\2.1.4.RELEASE\spring-boot-starter-web-2.1.4.RELEASE.jar;C:\Users\Administrator\.m2\repository\org\springframework\boot\spring-boot-starter-json\2.1.4.RELEASE\spring-boot-starter-json-2.1.4.RELEASE.jar;C:\Users\Administrator\.m2\repository\com\fasterxml\jackson\core\jackson-databind\2.9.8\ja
Launcher Type: SUN_STANDARD

Environment Variables:
JAVA_HOME=D:\Software\JavaTool\jdk11.0.1
PATH=D:\Software\Python38-32\Scripts\;D:\Software\Python38-32\;C:\Program Files (x86)\Common Files\Oracle\Java\javapath;D:\Software\Ruby\Ruby26-x64\bin;D:\Software\oracle11\app\Administrator\product\11.1.0\db_1\bin;C:\WINDOWS\system32;C:\WINDOWS;C:\WINDOWS\System32\Wbem;C:\WINDOWS\System32\WindowsPowerShell\v1.0\;C:\WINDOWS\System32\OpenSSH\;C:\Program Files\Microsoft\Web Platform Installer\;C:\Program Files (x86)\Microsoft ASP.NET\ASP.NET Web Pages\v1.0\;D:\Software\Microsoft SQL Server 2008R2\86Microsoft SQL Server\100\Tools\Binn\;D:\Software\Microsoft SQL Server 2008R2\Microsoft SQL Server\100\Tools\Binn\;D:\Software\Microsoft SQL Server 2008R2\Microsoft SQL Server\100\DTS\Binn\;D:\Software\Microsoft SQL Server 2008R2\86Microsoft SQL Server\100\Tools\Binn\VSShell\Common7\IDE\;C:\Program Files (x86)\Microsoft Visual Studio 9.0\Common7\IDE\PrivateAssemblies\;D:\Software\Microsoft SQL Server 2008R2\86Microsoft SQL Server\100\DTS\Binn\;C:\Program Files\Microsoft SQL Server\110\Tools\Binn\;D:\Software\MySQL Server 5.6\bin;D:\Software\JavaTool\jdk11.0.1\bin;D:\Software\JavaTool\apache-maven-3.6.3\BIN;D:\Software\Git-2.31.1-64-bit\cmd;D:\Software\JavaTool\node-v14.16.1\;D:\Software\MySQL Server 5.7\bin;C:\strawberry\c\bin;C:\strawberry\perl\bin;C:\Program Files\TortoiseGit\bin;D:\Software\Python38-32\Scripts\;D:\Software\Python38-32\;C:\Users\Administrator\AppData\Local\Microsoft\WindowsApps;C:\Users\Administrator\AppData\Roaming\npm;D:\Software\Microsoft VS Code\bin;;D:\Software\APICloud Studio 3\bin
USERNAME=Administrator
OS=Windows_NT
PROCESSOR_IDENTIFIER=Intel64 Family 6 Model 142 Stepping 9, GenuineIntel



---------------  S Y S T E M  ---------------

OS: Windows 10.0 , 64 bit Build 19041 (10.0.19041.1806)

CPU:total 4 (initial active 4) (2 cores per cpu, 2 threads per core) family 6 model 142 stepping 9, cmov, cx8, fxsr, mmx, sse, sse2, sse3, ssse3, sse4.1, sse4.2, popcnt, avx, avx2, aes, clmul, erms, 3dnowpref, lzcnt, ht, tsc, tscinvbit, bmi1, bmi2, adx

Memory: 4k page, physical 12463124k(1615236k free), swap 12463124k(5196k free)

vm_info: Java HotSpot(TM) 64-Bit Server VM (25.301-b09) for windows-amd64 JRE (1.8.0_301-b09), built on Jun  9 2021 06:46:21 by "java_re" with MS VC++ 15.9 (VS2017)

time: Fri Jul 29 14:39:29 2022
timezone: 中国标准时间
elapsed time: 0.109357 seconds (0d 0h 0m 0s)

